<?xml version="1.0" encoding="UTF-8"?>
<testng-results ignored="0" total="1" passed="1" failed="0" skipped="0">
  <reporter-output>
  </reporter-output>
  <suite started-at="2024-02-05T15:53:23 IST" name="Default suite" finished-at="2024-02-05T15:53:30 IST" duration-ms="7546">
    <groups>
    </groups>
    <test started-at="2024-02-05T15:53:23 IST" name="Default test" finished-at="2024-02-05T15:53:30 IST" duration-ms="7546">
      <class name="testngpkg.Rediffassertion">
        <test-method is-config="true" signature="setUp()[pri:0, instance:testngpkg.Rediffassertion@13fd2ccd]" started-at="2024-02-05T15:53:23 IST" name="setUp" finished-at="2024-02-05T15:53:30 IST" duration-ms="7189" status="PASS">
          <reporter-output>
          </reporter-output>
        </test-method> <!-- setUp -->
        <test-method signature="test()[pri:0, instance:testngpkg.Rediffassertion@13fd2ccd]" started-at="2024-02-05T15:53:30 IST" name="test" finished-at="2024-02-05T15:53:30 IST" duration-ms="242" status="PASS">
          <reporter-output>
          </reporter-output>
        </test-method> <!-- test -->
      </class> <!-- testngpkg.Rediffassertion -->
    </test> <!-- Default test -->
  </suite> <!-- Default suite -->
</testng-results>
